{"name": "test_checkout_process[chromium-data0]", "status": "failed", "statusDetails": {"message": "AssertionError: ❌ Price mismatch! Expected: 11.98, Actual: 3.98\nassert 3.98 == 11.98", "trace": "tests/UI-UnstableTests/test_checkout.py:41: in test_checkout_process\n    assert actual_price == expected_price, \\\nE   AssertionError: ❌ Price mismatch! Expected: 11.98, Actual: 3.98\nE   assert 3.98 == 11.98"}, "description": "\n    Test the checkout process (uses 'authenticated_page' fixture for automatic login)\n    ", "attachments": [{"name": "log", "source": "f80e1457-dfb4-41d2-87aa-7636539ab9cb-attachment.txt", "type": "text/plain"}], "parameters": [{"name": "browser_name", "value": "'chromium'"}, {"name": "data", "value": "{'product_name': 'Hammer', 'quantity': '2', 'price': '5.99', 'expected_price': '11.98'}"}], "start": 1771540329422, "stop": 1771540335691, "uuid": "da38c220-09ef-41c7-b44e-4e23070e31b0", "historyId": "3b3f1bab71841744a7b1a9f6bdba0cbb", "testCaseId": "b4d1dcf6efd3841f99f28afabf48ab0d", "fullName": "tests.UI-UnstableTests.test_checkout#test_checkout_process", "labels": [{"name": "parentSuite", "value": "tests.UI-UnstableTests"}, {"name": "suite", "value": "test_checkout"}, {"name": "host", "value": "hp-15-notebook-pc"}, {"name": "thread", "value": "333923-MainThread"}, {"name": "framework", "value": "pytest"}, {"name": "language", "value": "cpython3"}, {"name": "package", "value": "tests.UI-UnstableTests.test_checkout"}], "titlePath": ["tests", "UI-UnstableTests", "test_checkout.py"]}