{"name": "test_checkout_from_csv[chromium]", "status": "failed", "statusDetails": {"message": "AssertionError: Locator expected to be visible\nActual value: None\nError: element(s) not found \nCall log:\n  - Expect \"to_be_visible\" with timeout 5000ms\n  - waiting for locator(\"text=You logged into a secure area!\")", "trace": "tests/UI-UnstableTests/test_checkout.py:43: in test_checkout_from_csv\n    expect(page.locator(\"text=You logged into a secure area!\")).to_be_visible()\nE   AssertionError: Locator expected to be visible\nE   Actual value: None\nE   Error: element(s) not found \nE   Call log:\nE     - Expect \"to_be_visible\" with timeout 5000ms\nE     - waiting for locator(\"text=You logged into a secure area!\")"}, "description": "Test checkout COMPLETO con login inline.", "parameters": [{"name": "browser_name", "value": "'chromium'"}], "start": 1771456932790, "stop": 1771456940238, "uuid": "1c0534c8-e8a2-488b-b0f4-6a5dc5e98627", "historyId": "aeee79d142cba73f34a28cf547e27b91", "testCaseId": "a1fec78351084a8fd5e7ee2e658425c2", "fullName": "tests.UI-UnstableTests.test_checkout#test_checkout_from_csv", "labels": [{"name": "parentSuite", "value": "tests.UI-UnstableTests"}, {"name": "suite", "value": "test_checkout"}, {"name": "host", "value": "hp-15-notebook-pc"}, {"name": "thread", "value": "272221-MainThread"}, {"name": "framework", "value": "pytest"}, {"name": "language", "value": "cpython3"}, {"name": "package", "value": "tests.UI-UnstableTests.test_checkout"}], "titlePath": ["tests", "UI-UnstableTests", "test_checkout.py"]}