{"name": "test_login_page[chromium]", "status": "failed", "statusDetails": {"message": "AssertionError: Locator expected to have text 'My Account'\nActual value: None\nError: element(s) not found \nCall log:\n  - Expect \"to_have_text\" with timeout 5000ms\n  - waiting for get_by_label(\"Page context\").locator(\"span\")", "trace": ".venv/lib/python3.12/site-packages/pytest_asyncio/plugin.py:730: in pytest_fixture_setup\n    return (yield)\n            ^^^^^\ntests/conftest.py:28: in setup_auth\n    expect(login_page.get_by_label(\"Page context\").locator(\"span\")).to_have_text(\"My Account\")\nE   AssertionError: Locator expected to have text 'My Account'\nE   Actual value: None\nE   Error: element(s) not found \nE   Call log:\nE     - Expect \"to_have_text\" with timeout 5000ms\nE     - waiting for get_by_label(\"Page context\").locator(\"span\")"}, "parameters": [{"name": "browser_name", "value": "'chromium'"}], "start": 1771496765827, "stop": 1771496765827, "uuid": "53aa2c49-d73e-4614-b731-037d082fa46d", "historyId": "bf976f8d2bc219a75058431983f57f3c", "testCaseId": "04e371c36edeee0296180bbbafe58878", "fullName": "tests.test_login#test_login_page", "labels": [{"name": "parentSuite", "value": "tests"}, {"name": "suite", "value": "test_login"}, {"name": "host", "value": "hp-15-notebook-pc"}, {"name": "thread", "value": "290009-MainThread"}, {"name": "framework", "value": "pytest"}, {"name": "language", "value": "cpython3"}, {"name": "package", "value": "tests.test_login"}], "titlePath": ["tests", "test_login.py"]}