{"name": "test_login_page[chromium]", "status": "failed", "statusDetails": {"message": "AssertionError: Locator expected to have text 'My Account'\nActual value: My account \nCall log:\n  - Expect \"to_have_text\" with timeout 5000ms\n  - waiting for locator(\"[data-test=\\\"page-title\\\"]\")\n    6 × locator resolved to <h1 data-test=\"page-title\" _ngcontent-ng-c3531014943=\"\">My account</h1>\n      - unexpected value \"My account\"", "trace": ".venv/lib/python3.12/site-packages/pytest_asyncio/plugin.py:730: in pytest_fixture_setup\n    return (yield)\n            ^^^^^\ntests/conftest.py:28: in setup_auth\n    expect(login_page.locator('[data-test=\"page-title\"]')).to_have_text(\"My Account\")\nE   AssertionError: Locator expected to have text 'My Account'\nE   Actual value: My account \nE   Call log:\nE     - Expect \"to_have_text\" with timeout 5000ms\nE     - waiting for locator(\"[data-test=\\\"page-title\\\"]\")\nE       6 × locator resolved to <h1 data-test=\"page-title\" _ngcontent-ng-c3531014943=\"\">My account</h1>\nE         - unexpected value \"My account\""}, "parameters": [{"name": "browser_name", "value": "'chromium'"}], "start": 1771497104152, "stop": 1771497104152, "uuid": "d97fad6e-83b5-4c3b-8070-90906c1403a3", "historyId": "bf976f8d2bc219a75058431983f57f3c", "testCaseId": "04e371c36edeee0296180bbbafe58878", "fullName": "tests.test_login#test_login_page", "labels": [{"name": "parentSuite", "value": "tests"}, {"name": "suite", "value": "test_login"}, {"name": "host", "value": "hp-15-notebook-pc"}, {"name": "thread", "value": "290680-MainThread"}, {"name": "framework", "value": "pytest"}, {"name": "language", "value": "cpython3"}, {"name": "package", "value": "tests.test_login"}], "titlePath": ["tests", "test_login.py"]}