{"uuid": "52bcf522-8186-4e2b-87b6-f072f364da46", "children": ["d97fad6e-83b5-4c3b-8070-90906c1403a3"], "befores": [{"name": "setup_auth", "status": "failed", "statusDetails": {"message": "AssertionError: Locator expected to have text 'My Account'\nActual value: My account \nCall log:\n  - Expect \"to_have_text\" with timeout 5000ms\n  - waiting for locator(\"[data-test=\\\"page-title\\\"]\")\n    6 Ã— locator resolved to <h1 data-test=\"page-title\" _ngcontent-ng-c3531014943=\"\">My account</h1>\n      - unexpected value \"My account\"\n\n", "trace": "  File \"/home/gianni/PycharmProjects/ecommerce-playwright-pytest/.venv/lib/python3.12/site-packages/pluggy/_callers.py\", line 38, in run_old_style_hookwrapper\n    res = yield\n          ^^^^^\n  File \"/home/gianni/PycharmProjects/ecommerce-playwright-pytest/.venv/lib/python3.12/site-packages/pluggy/_callers.py\", line 139, in _multicall\n    teardown.throw(exception)\n  File \"/home/gianni/PycharmProjects/ecommerce-playwright-pytest/.venv/lib/python3.12/site-packages/pytest_asyncio/plugin.py\", line 730, in pytest_fixture_setup\n    return (yield)\n            ^^^^^\n  File \"/home/gianni/PycharmProjects/ecommerce-playwright-pytest/.venv/lib/python3.12/site-packages/pluggy/_callers.py\", line 139, in _multicall\n    teardown.throw(exception)\n  File \"/home/gianni/PycharmProjects/ecommerce-playwright-pytest/.venv/lib/python3.12/site-packages/_pytest/setuponly.py\", line 36, in pytest_fixture_setup\n    return (yield)\n            ^^^^^\n  File \"/home/gianni/PycharmProjects/ecommerce-playwright-pytest/.venv/lib/python3.12/site-packages/pluggy/_callers.py\", line 121, in _multicall\n    res = hook_impl.function(*args)\n          ^^^^^^^^^^^^^^^^^^^^^^^^^\n  File \"/home/gianni/PycharmProjects/ecommerce-playwright-pytest/.venv/lib/python3.12/site-packages/_pytest/fixtures.py\", line 1202, in pytest_fixture_setup\n    result = call_fixture_func(fixturefunc, request, kwargs)\n             ^^^^^^^^^^^^^^^^^^^^^^^^^^^^^^^^^^^^^^^^^^^^^^^\n  File \"/home/gianni/PycharmProjects/ecommerce-playwright-pytest/.venv/lib/python3.12/site-packages/_pytest/fixtures.py\", line 908, in call_fixture_func\n    fixture_result = next(generator)\n                     ^^^^^^^^^^^^^^^\n  File \"/home/gianni/PycharmProjects/ecommerce-playwright-pytest/tests/conftest.py\", line 28, in setup_auth\n    expect(login_page.locator('[data-test=\"page-title\"]')).to_have_text(\"My Account\")\n  File \"/home/gianni/PycharmProjects/ecommerce-playwright-pytest/.venv/lib/python3.12/site-packages/playwright/sync_api/_generated.py\", line 20080, in to_have_text\n    self._sync(\n  File \"/home/gianni/PycharmProjects/ecommerce-playwright-pytest/.venv/lib/python3.12/site-packages/playwright/_impl/_sync_base.py\", line 115, in _sync\n    return task.result()\n           ^^^^^^^^^^^^^\n  File \"/home/gianni/PycharmProjects/ecommerce-playwright-pytest/.venv/lib/python3.12/site-packages/playwright/_impl/_assertions.py\", line 561, in to_have_text\n    await self._expect_impl(\n  File \"/home/gianni/PycharmProjects/ecommerce-playwright-pytest/.venv/lib/python3.12/site-packages/playwright/_impl/_assertions.py\", line 85, in _expect_impl\n    raise AssertionError(\n"}, "start": 1771497105564, "stop": 1771497114573}], "start": 1771497105564, "stop": 1771497114648}