{"name": "test_login_page[chromium]", "status": "failed", "statusDetails": {"message": "AssertionError: Locator expected to have text 'My account'\nActual value: None\nError: element(s) not found \nCall log:\n  - Expect \"to_have_text\" with timeout 5000ms\n  - waiting for locator(\"[data-test=\\\"page-title\\\"]\")", "trace": "tests/test_login.py:7: in test_login_page\n    expect(user_page.locator('[data-test=\"page-title\"]')).to_have_text(\"My account\")\nE   AssertionError: Locator expected to have text 'My account'\nE   Actual value: None\nE   Error: element(s) not found \nE   Call log:\nE     - Expect \"to_have_text\" with timeout 5000ms\nE     - waiting for locator(\"[data-test=\\\"page-title\\\"]\")"}, "parameters": [{"name": "browser_name", "value": "'chromium'"}], "start": 1771497182321, "stop": 1771497189569, "uuid": "ad658bcf-61f6-49e2-9bc8-5741be408e25", "historyId": "bf976f8d2bc219a75058431983f57f3c", "testCaseId": "04e371c36edeee0296180bbbafe58878", "fullName": "tests.test_login#test_login_page", "labels": [{"name": "parentSuite", "value": "tests"}, {"name": "suite", "value": "test_login"}, {"name": "host", "value": "hp-15-notebook-pc"}, {"name": "thread", "value": "290885-MainThread"}, {"name": "framework", "value": "pytest"}, {"name": "language", "value": "cpython3"}, {"name": "package", "value": "tests.test_login"}], "titlePath": ["tests", "test_login.py"]}