{"name": "test_checkout_process[chromium-data0]", "status": "failed", "statusDetails": {"message": "AssertionError: Locator expected to be visible\nActual value: None\nError: element(s) not found \nCall log:\n  - Expect \"to_be_visible\" with timeout 5000ms\n  - waiting for locator(\".total-price\")", "trace": "tests/UI-UnstableTests/test_checkout.py:37: in test_checkout_process\n    actual_price = checkout_page.get_final_price()\n                   ^^^^^^^^^^^^^^^^^^^^^^^^^^^^^^^\npages/cart_page.py:33: in get_final_price\n    expect(self.locators.total_price_text).to_be_visible()\nE   AssertionError: Locator expected to be visible\nE   Actual value: None\nE   Error: element(s) not found \nE   Call log:\nE     - Expect \"to_be_visible\" with timeout 5000ms\nE     - waiting for locator(\".total-price\")"}, "description": "\n    Test the checkout process (uses 'authenticated_page' fixture for automatic login)\n    ", "attachments": [{"name": "log", "source": "3969e68d-e922-4fb1-8fa6-b1f6d66555f4-attachment.txt", "type": "text/plain"}], "parameters": [{"name": "browser_name", "value": "'chromium'"}, {"name": "data", "value": "{'product_name': 'Hammer', 'quantity': '2', 'price': '5.99', 'expected_price': '11.98'}"}], "start": 1771539604283, "stop": 1771539620981, "uuid": "a8fdedcc-08d0-431a-9a35-bbd7d1cd7225", "historyId": "3b3f1bab71841744a7b1a9f6bdba0cbb", "testCaseId": "b4d1dcf6efd3841f99f28afabf48ab0d", "fullName": "tests.UI-UnstableTests.test_checkout#test_checkout_process", "labels": [{"name": "parentSuite", "value": "tests.UI-UnstableTests"}, {"name": "suite", "value": "test_checkout"}, {"name": "host", "value": "hp-15-notebook-pc"}, {"name": "thread", "value": "331197-MainThread"}, {"name": "framework", "value": "pytest"}, {"name": "language", "value": "cpython3"}, {"name": "package", "value": "tests.UI-UnstableTests.test_checkout"}], "titlePath": ["tests", "UI-UnstableTests", "test_checkout.py"]}