{"name": "test_checkout_process[chromium-data0]", "status": "failed", "statusDetails": {"message": "AssertionError: ❌ Price mismatch! Expected: 11.98, Actual: 25.16\nassert 25.16 == 11.98", "trace": "tests/UI-UnstableTests/test_checkout.py:41: in test_checkout_process\n    assert actual_price == expected_price, \\\nE   AssertionError: ❌ Price mismatch! Expected: 11.98, Actual: 25.16\nE   assert 25.16 == 11.98"}, "description": "\n    Test the checkout process (uses 'authenticated_page' fixture for automatic login)\n    ", "attachments": [{"name": "log", "source": "f472a4fd-300f-49fd-ad9a-86f402aa0f66-attachment.txt", "type": "text/plain"}], "parameters": [{"name": "browser_name", "value": "'chromium'"}, {"name": "data", "value": "{'product_name': 'Hammer', 'quantity': '2', 'price': '5.99', 'expected_price': '11.98'}"}], "start": 1771542841876, "stop": 1771542851937, "uuid": "75671611-7a5b-4280-972b-98f82eacbf52", "historyId": "3b3f1bab71841744a7b1a9f6bdba0cbb", "testCaseId": "b4d1dcf6efd3841f99f28afabf48ab0d", "fullName": "tests.UI-UnstableTests.test_checkout#test_checkout_process", "labels": [{"name": "parentSuite", "value": "tests.UI-UnstableTests"}, {"name": "suite", "value": "test_checkout"}, {"name": "host", "value": "hp-15-notebook-pc"}, {"name": "thread", "value": "337373-MainThread"}, {"name": "framework", "value": "pytest"}, {"name": "language", "value": "cpython3"}, {"name": "package", "value": "tests.UI-UnstableTests.test_checkout"}], "titlePath": ["tests", "UI-UnstableTests", "test_checkout.py"]}